Determining if the pthread_create exist failed with the following output:
Change Dir: /home/ubuntu/LAPIS/build/CMakeFiles/CMakeTmp

Run Build Command:"/usr/bin/make" "cmTC_21854/fast"
/usr/bin/make -f CMakeFiles/cmTC_21854.dir/build.make CMakeFiles/cmTC_21854.dir/build
make[1]: Entering directory '/home/ubuntu/LAPIS/build/CMakeFiles/CMakeTmp'
Building C object CMakeFiles/cmTC_21854.dir/CheckSymbolExists.c.o
/usr/bin/cc     -o CMakeFiles/cmTC_21854.dir/CheckSymbolExists.c.o   -c /home/ubuntu/LAPIS/build/CMakeFiles/CMakeTmp/CheckSymbolExists.c
Linking C executable cmTC_21854
/usr/bin/cmake -E cmake_link_script CMakeFiles/cmTC_21854.dir/link.txt --verbose=1
/usr/bin/cc       CMakeFiles/cmTC_21854.dir/CheckSymbolExists.c.o  -o cmTC_21854 -rdynamic 
CMakeFiles/cmTC_21854.dir/CheckSymbolExists.c.o: In function `main':
CheckSymbolExists.c:(.text+0x14): undefined reference to `pthread_create'
CheckSymbolExists.c:(.text+0x18): undefined reference to `pthread_create'
collect2: error: ld returned 1 exit status
CMakeFiles/cmTC_21854.dir/build.make:97: recipe for target 'cmTC_21854' failed
make[1]: *** [cmTC_21854] Error 1
make[1]: Leaving directory '/home/ubuntu/LAPIS/build/CMakeFiles/CMakeTmp'
Makefile:126: recipe for target 'cmTC_21854/fast' failed
make: *** [cmTC_21854/fast] Error 2

File /home/ubuntu/LAPIS/build/CMakeFiles/CMakeTmp/CheckSymbolExists.c:
/* */
#include <pthread.h>

int main(int argc, char** argv)
{
  (void)argv;
#ifndef pthread_create
  return ((int*)(&pthread_create))[argc];
#else
  (void)argc;
  return 0;
#endif
}

Determining if the function pthread_create exists in the pthreads failed with the following output:
Change Dir: /home/ubuntu/LAPIS/build/CMakeFiles/CMakeTmp

Run Build Command:"/usr/bin/make" "cmTC_ea5cd/fast"
/usr/bin/make -f CMakeFiles/cmTC_ea5cd.dir/build.make CMakeFiles/cmTC_ea5cd.dir/build
make[1]: Entering directory '/home/ubuntu/LAPIS/build/CMakeFiles/CMakeTmp'
Building C object CMakeFiles/cmTC_ea5cd.dir/CheckFunctionExists.c.o
/usr/bin/cc    -DCHECK_FUNCTION_EXISTS=pthread_create   -o CMakeFiles/cmTC_ea5cd.dir/CheckFunctionExists.c.o   -c /usr/share/cmake-3.5/Modules/CheckFunctionExists.c
Linking C executable cmTC_ea5cd
/usr/bin/cmake -E cmake_link_script CMakeFiles/cmTC_ea5cd.dir/link.txt --verbose=1
/usr/bin/cc   -DCHECK_FUNCTION_EXISTS=pthread_create    CMakeFiles/cmTC_ea5cd.dir/CheckFunctionExists.c.o  -o cmTC_ea5cd -rdynamic -lpthreads 
/usr/bin/ld: cannot find -lpthreads
collect2: error: ld returned 1 exit status
CMakeFiles/cmTC_ea5cd.dir/build.make:97: recipe for target 'cmTC_ea5cd' failed
make[1]: *** [cmTC_ea5cd] Error 1
make[1]: Leaving directory '/home/ubuntu/LAPIS/build/CMakeFiles/CMakeTmp'
Makefile:126: recipe for target 'cmTC_ea5cd/fast' failed
make: *** [cmTC_ea5cd/fast] Error 2


